{
  "RSpec": {
    "coverage": {
      "/Users/stuartcooper/Google_Drive/makers/makersbnb/app/app.rb": [
        1,
        1,
        1,
        1,
        null,
        1,
        null,
        1,
        1,
        null,
        null,
        1,
        1,
        null,
        1,
        16,
        16,
        null,
        null,
        1,
        5,
        null,
        null,
        1,
        5,
        null,
        null,
        null,
        5,
        2,
        2,
        null,
        3,
        null,
        5,
        null,
        null,
        1,
        4,
        null,
        null,
        null,
        null,
        null,
        4,
        3,
        3,
        null,
        1,
        null,
        4,
        null,
        null,
        1,
        1,
        1,
        1,
        1,
        null,
        0,
        null,
        null,
        null,
        1,
        2,
        2,
        null,
        null,
        1,
        1,
        21,
        null,
        null,
        null,
        1,
        null
      ],
      "/Users/stuartcooper/Google_Drive/makers/makersbnb/spec/features/signing_in_and_out_spec.rb": [
        1,
        null,
        1,
        1,
        1,
        1,
        1,
        1,
        1,
        1,
        null,
        null,
        null,
        1,
        1,
        1,
        1,
        1,
        null,
        null
      ],
      "/Users/stuartcooper/Google_Drive/makers/makersbnb/spec/features/signing_up_spec.rb": [
        1,
        null,
        1,
        1,
        1,
        1,
        1,
        1,
        1,
        1,
        4,
        1,
        null,
        1,
        1,
        1,
        1,
        1,
        1,
        1,
        4,
        1,
        null,
        null
      ],
      "/Users/stuartcooper/Google_Drive/makers/makersbnb/spec/host_spec.rb": [
        1,
        null,
        1,
        null,
        1,
        1,
        1,
        1,
        null,
        null,
        1,
        1,
        1,
        1,
        null,
        null,
        1,
        1,
        1,
        1,
        null,
        null,
        1,
        1,
        1,
        1,
        null,
        null,
        null,
        2,
        2,
        2,
        2,
        null,
        1,
        9,
        null,
        null,
        null,
        null,
        1,
        1,
        1,
        null,
        null,
        null
      ],
      "/Users/stuartcooper/Google_Drive/makers/makersbnb/spec/space_spec.rb": [
        1,
        null,
        2,
        2,
        2,
        2,
        2,
        2,
        2,
        null,
        1,
        1,
        1,
        1,
        1,
        null,
        null,
        1,
        1,
        1,
        1,
        null,
        null,
        1,
        1,
        1,
        1,
        null,
        null,
        1,
        1,
        1,
        1,
        null,
        null,
        1,
        1,
        1,
        1,
        null,
        null,
        1,
        1,
        1,
        1,
        null,
        null,
        1,
        1,
        1,
        1,
        null,
        null,
        null
      ]
    },
    "timestamp": 1478191300
  }
}
